-- The C compiler identification is GNU 13.3.0
-- The CXX compiler identification is GNU 13.3.0
-- Detecting C compiler ABI info
-- Detecting C compiler ABI info - done
-- Check for working C compiler: /usr/bin/cc - skipped
-- Detecting C compile features
-- Detecting C compile features - done
-- Detecting CXX compiler ABI info
-- Detecting CXX compiler ABI info - done
-- Check for working CXX compiler: /usr/bin/c++ - skipped
-- Detecting CXX compile features
-- Detecting CXX compile features - done
-- Found ament_cmake: 2.5.5 (/opt/ros/jazzy/share/ament_cmake/cmake)
-- Found Python3: /usr/bin/python3 (found version "3.12.3") found components: Interpreter 
-- Found ament_lint_auto: 0.17.4 (/opt/ros/jazzy/share/ament_lint_auto/cmake)
-- Added test 'cppcheck' to perform static code analysis on C / C++ code
-- Configured cppcheck include dirs: $<BUILD_INTERFACE:/u/nuzhat/Documents/Robot-Dining-Hall-Personalized-Plan/ros2_ws/src/my_package/include>
-- Configured cppcheck exclude dirs and/or files: 
-- Added test 'lint_cmake' to check CMake code style
-- Added test 'uncrustify' to check C / C++ code style
-- Configured uncrustify additional arguments: 
-- Added test 'xmllint' to check XML markup files
-- Configuring done (2.1s)
-- Generating done (0.5s)
-- Build files have been written to: /u/nuzhat/Documents/Robot-Dining-Hall-Personalized-Plan/ros2_ws/build/my_package
[ 50%] [32mBuilding CXX object CMakeFiles/my_node.dir/src/my_node.cpp.o[0m
[100%] [32m[1mLinking CXX executable my_node[0m
[100%] Built target my_node
-- Install configuration: ""
-- Installing: /u/nuzhat/Documents/Robot-Dining-Hall-Personalized-Plan/ros2_ws/install/my_package/lib/my_package/my_node
-- Installing: /u/nuzhat/Documents/Robot-Dining-Hall-Personalized-Plan/ros2_ws/install/my_package/share/ament_index/resource_index/package_run_dependencies/my_package
-- Installing: /u/nuzhat/Documents/Robot-Dining-Hall-Personalized-Plan/ros2_ws/install/my_package/share/ament_index/resource_index/parent_prefix_path/my_package
-- Installing: /u/nuzhat/Documents/Robot-Dining-Hall-Personalized-Plan/ros2_ws/install/my_package/share/my_package/environment/ament_prefix_path.sh
-- Installing: /u/nuzhat/Documents/Robot-Dining-Hall-Personalized-Plan/ros2_ws/install/my_package/share/my_package/environment/ament_prefix_path.dsv
-- Installing: /u/nuzhat/Documents/Robot-Dining-Hall-Personalized-Plan/ros2_ws/install/my_package/share/my_package/environment/path.sh
-- Installing: /u/nuzhat/Documents/Robot-Dining-Hall-Personalized-Plan/ros2_ws/install/my_package/share/my_package/environment/path.dsv
-- Installing: /u/nuzhat/Documents/Robot-Dining-Hall-Personalized-Plan/ros2_ws/install/my_package/share/my_package/local_setup.bash
-- Installing: /u/nuzhat/Documents/Robot-Dining-Hall-Personalized-Plan/ros2_ws/install/my_package/share/my_package/local_setup.sh
-- Installing: /u/nuzhat/Documents/Robot-Dining-Hall-Personalized-Plan/ros2_ws/install/my_package/share/my_package/local_setup.zsh
-- Installing: /u/nuzhat/Documents/Robot-Dining-Hall-Personalized-Plan/ros2_ws/install/my_package/share/my_package/local_setup.dsv
-- Installing: /u/nuzhat/Documents/Robot-Dining-Hall-Personalized-Plan/ros2_ws/install/my_package/share/my_package/package.dsv
-- Installing: /u/nuzhat/Documents/Robot-Dining-Hall-Personalized-Plan/ros2_ws/install/my_package/share/ament_index/resource_index/packages/my_package
-- Installing: /u/nuzhat/Documents/Robot-Dining-Hall-Personalized-Plan/ros2_ws/install/my_package/share/my_package/cmake/my_packageConfig.cmake
-- Installing: /u/nuzhat/Documents/Robot-Dining-Hall-Personalized-Plan/ros2_ws/install/my_package/share/my_package/cmake/my_packageConfig-version.cmake
-- Installing: /u/nuzhat/Documents/Robot-Dining-Hall-Personalized-Plan/ros2_ws/install/my_package/share/my_package/package.xml
