[0.170s] Invoking command in '/u/nuzhat/Documents/Robot-Dining-Hall-Personalized-Plan/ros2_ws/build/my_package': CMAKE_PREFIX_PATH=${CMAKE_PREFIX_PATH}:/opt/ros/jazzy DEBUGINFOD_URLS=https://debuginfod.ubuntu.com /usr/bin/cmake /u/nuzhat/Documents/Robot-Dining-Hall-Personalized-Plan/ros2_ws/src/my_package -DCMAKE_INSTALL_PREFIX=/u/nuzhat/Documents/Robot-Dining-Hall-Personalized-Plan/ros2_ws/install/my_package
[0.328s] -- The C compiler identification is GNU 13.3.0
[0.417s] -- The CXX compiler identification is GNU 13.3.0
[0.476s] -- Detecting C compiler ABI info
[0.979s] -- Detecting C compiler ABI info - done
[0.989s] -- Check for working C compiler: /usr/bin/cc - skipped
[0.989s] -- Detecting C compile features
[0.989s] -- Detecting C compile features - done
[1.020s] -- Detecting CXX compiler ABI info
[1.484s] -- Detecting CXX compiler ABI info - done
[1.494s] -- Check for working CXX compiler: /usr/bin/c++ - skipped
[1.494s] -- Detecting CXX compile features
[1.495s] -- Detecting CXX compile features - done
[1.524s] -- Found ament_cmake: 2.5.5 (/opt/ros/jazzy/share/ament_cmake/cmake)
[1.639s] -- Found Python3: /usr/bin/python3 (found version "3.12.3") found components: Interpreter 
[1.921s] -- Found ament_lint_auto: 0.17.4 (/opt/ros/jazzy/share/ament_lint_auto/cmake)
[2.184s] -- Added test 'cppcheck' to perform static code analysis on C / C++ code
[2.184s] -- Configured cppcheck include dirs: $<BUILD_INTERFACE:/u/nuzhat/Documents/Robot-Dining-Hall-Personalized-Plan/ros2_ws/src/my_package/include>
[2.184s] -- Configured cppcheck exclude dirs and/or files: 
[2.192s] -- Added test 'lint_cmake' to check CMake code style
[2.208s] -- Added test 'uncrustify' to check C / C++ code style
[2.209s] -- Configured uncrustify additional arguments: 
[2.212s] -- Added test 'xmllint' to check XML markup files
[2.391s] -- Configuring done (2.1s)
[2.934s] -- Generating done (0.5s)
[3.230s] -- Build files have been written to: /u/nuzhat/Documents/Robot-Dining-Hall-Personalized-Plan/ros2_ws/build/my_package
[3.232s] Invoked command in '/u/nuzhat/Documents/Robot-Dining-Hall-Personalized-Plan/ros2_ws/build/my_package' returned '0': CMAKE_PREFIX_PATH=${CMAKE_PREFIX_PATH}:/opt/ros/jazzy DEBUGINFOD_URLS=https://debuginfod.ubuntu.com /usr/bin/cmake /u/nuzhat/Documents/Robot-Dining-Hall-Personalized-Plan/ros2_ws/src/my_package -DCMAKE_INSTALL_PREFIX=/u/nuzhat/Documents/Robot-Dining-Hall-Personalized-Plan/ros2_ws/install/my_package
[3.234s] Invoking command in '/u/nuzhat/Documents/Robot-Dining-Hall-Personalized-Plan/ros2_ws/build/my_package': CMAKE_PREFIX_PATH=${CMAKE_PREFIX_PATH}:/opt/ros/jazzy DEBUGINFOD_URLS=https://debuginfod.ubuntu.com /usr/bin/cmake --build /u/nuzhat/Documents/Robot-Dining-Hall-Personalized-Plan/ros2_ws/build/my_package -- -j16 -l16
[3.291s] [ 50%] [32mBuilding CXX object CMakeFiles/my_node.dir/src/my_node.cpp.o[0m
[3.337s] [100%] [32m[1mLinking CXX executable my_node[0m
[3.387s] [100%] Built target my_node
[3.400s] Invoked command in '/u/nuzhat/Documents/Robot-Dining-Hall-Personalized-Plan/ros2_ws/build/my_package' returned '0': CMAKE_PREFIX_PATH=${CMAKE_PREFIX_PATH}:/opt/ros/jazzy DEBUGINFOD_URLS=https://debuginfod.ubuntu.com /usr/bin/cmake --build /u/nuzhat/Documents/Robot-Dining-Hall-Personalized-Plan/ros2_ws/build/my_package -- -j16 -l16
[3.403s] Invoking command in '/u/nuzhat/Documents/Robot-Dining-Hall-Personalized-Plan/ros2_ws/build/my_package': CMAKE_PREFIX_PATH=${CMAKE_PREFIX_PATH}:/opt/ros/jazzy DEBUGINFOD_URLS=https://debuginfod.ubuntu.com /usr/bin/cmake --install /u/nuzhat/Documents/Robot-Dining-Hall-Personalized-Plan/ros2_ws/build/my_package
[3.409s] -- Install configuration: ""
[3.435s] -- Installing: /u/nuzhat/Documents/Robot-Dining-Hall-Personalized-Plan/ros2_ws/install/my_package/lib/my_package/my_node
[3.459s] -- Installing: /u/nuzhat/Documents/Robot-Dining-Hall-Personalized-Plan/ros2_ws/install/my_package/share/ament_index/resource_index/package_run_dependencies/my_package
[3.480s] -- Installing: /u/nuzhat/Documents/Robot-Dining-Hall-Personalized-Plan/ros2_ws/install/my_package/share/ament_index/resource_index/parent_prefix_path/my_package
[3.501s] -- Installing: /u/nuzhat/Documents/Robot-Dining-Hall-Personalized-Plan/ros2_ws/install/my_package/share/my_package/environment/ament_prefix_path.sh
[3.517s] -- Installing: /u/nuzhat/Documents/Robot-Dining-Hall-Personalized-Plan/ros2_ws/install/my_package/share/my_package/environment/ament_prefix_path.dsv
[3.560s] -- Installing: /u/nuzhat/Documents/Robot-Dining-Hall-Personalized-Plan/ros2_ws/install/my_package/share/my_package/environment/path.sh
[3.577s] -- Installing: /u/nuzhat/Documents/Robot-Dining-Hall-Personalized-Plan/ros2_ws/install/my_package/share/my_package/environment/path.dsv
[3.594s] -- Installing: /u/nuzhat/Documents/Robot-Dining-Hall-Personalized-Plan/ros2_ws/install/my_package/share/my_package/local_setup.bash
[3.635s] -- Installing: /u/nuzhat/Documents/Robot-Dining-Hall-Personalized-Plan/ros2_ws/install/my_package/share/my_package/local_setup.sh
[3.654s] -- Installing: /u/nuzhat/Documents/Robot-Dining-Hall-Personalized-Plan/ros2_ws/install/my_package/share/my_package/local_setup.zsh
[3.671s] -- Installing: /u/nuzhat/Documents/Robot-Dining-Hall-Personalized-Plan/ros2_ws/install/my_package/share/my_package/local_setup.dsv
[3.689s] -- Installing: /u/nuzhat/Documents/Robot-Dining-Hall-Personalized-Plan/ros2_ws/install/my_package/share/my_package/package.dsv
[3.722s] -- Installing: /u/nuzhat/Documents/Robot-Dining-Hall-Personalized-Plan/ros2_ws/install/my_package/share/ament_index/resource_index/packages/my_package
[3.744s] -- Installing: /u/nuzhat/Documents/Robot-Dining-Hall-Personalized-Plan/ros2_ws/install/my_package/share/my_package/cmake/my_packageConfig.cmake
[3.761s] -- Installing: /u/nuzhat/Documents/Robot-Dining-Hall-Personalized-Plan/ros2_ws/install/my_package/share/my_package/cmake/my_packageConfig-version.cmake
[3.824s] -- Installing: /u/nuzhat/Documents/Robot-Dining-Hall-Personalized-Plan/ros2_ws/install/my_package/share/my_package/package.xml
[3.845s] Invoked command in '/u/nuzhat/Documents/Robot-Dining-Hall-Personalized-Plan/ros2_ws/build/my_package' returned '0': CMAKE_PREFIX_PATH=${CMAKE_PREFIX_PATH}:/opt/ros/jazzy DEBUGINFOD_URLS=https://debuginfod.ubuntu.com /usr/bin/cmake --install /u/nuzhat/Documents/Robot-Dining-Hall-Personalized-Plan/ros2_ws/build/my_package
