-- The C compiler identification is GNU 13.3.0
-- The CXX compiler identification is GNU 13.3.0
-- Detecting C compiler ABI info
-- Detecting C compiler ABI info - done
-- Check for working C compiler: /usr/bin/cc - skipped
-- Detecting C compile features
-- Detecting C compile features - done
-- Detecting CXX compiler ABI info
-- Detecting CXX compiler ABI info - done
-- Check for working CXX compiler: /usr/bin/c++ - skipped
-- Detecting CXX compile features
-- Detecting CXX compile features - done
-- Found ament_cmake: 2.5.5 (/opt/ros/jazzy/share/ament_cmake/cmake)
-- Found Python3: /usr/bin/python3 (found version "3.12.3") found components: Interpreter 
-- Found ament_lint_auto: 0.17.4 (/opt/ros/jazzy/share/ament_lint_auto/cmake)
-- Added test 'lint_cmake' to check CMake code style
-- Added test 'xmllint' to check XML markup files
-- Configuring done (2.2s)
-- Generating done (0.4s)
-- Build files have been written to: /u/nuzhat/Documents/Robot-Dining-Hall-Personalized-Plan/ros2_ws/build/meal-plan
-- Install configuration: ""
-- Installing: /u/nuzhat/Documents/Robot-Dining-Hall-Personalized-Plan/ros2_ws/install/meal-plan/share/ament_index/resource_index/package_run_dependencies/meal-plan
-- Installing: /u/nuzhat/Documents/Robot-Dining-Hall-Personalized-Plan/ros2_ws/install/meal-plan/share/ament_index/resource_index/parent_prefix_path/meal-plan
-- Installing: /u/nuzhat/Documents/Robot-Dining-Hall-Personalized-Plan/ros2_ws/install/meal-plan/share/meal-plan/environment/ament_prefix_path.sh
-- Installing: /u/nuzhat/Documents/Robot-Dining-Hall-Personalized-Plan/ros2_ws/install/meal-plan/share/meal-plan/environment/ament_prefix_path.dsv
-- Installing: /u/nuzhat/Documents/Robot-Dining-Hall-Personalized-Plan/ros2_ws/install/meal-plan/share/meal-plan/environment/path.sh
-- Installing: /u/nuzhat/Documents/Robot-Dining-Hall-Personalized-Plan/ros2_ws/install/meal-plan/share/meal-plan/environment/path.dsv
-- Installing: /u/nuzhat/Documents/Robot-Dining-Hall-Personalized-Plan/ros2_ws/install/meal-plan/share/meal-plan/local_setup.bash
-- Installing: /u/nuzhat/Documents/Robot-Dining-Hall-Personalized-Plan/ros2_ws/install/meal-plan/share/meal-plan/local_setup.sh
-- Installing: /u/nuzhat/Documents/Robot-Dining-Hall-Personalized-Plan/ros2_ws/install/meal-plan/share/meal-plan/local_setup.zsh
-- Installing: /u/nuzhat/Documents/Robot-Dining-Hall-Personalized-Plan/ros2_ws/install/meal-plan/share/meal-plan/local_setup.dsv
-- Installing: /u/nuzhat/Documents/Robot-Dining-Hall-Personalized-Plan/ros2_ws/install/meal-plan/share/meal-plan/package.dsv
-- Installing: /u/nuzhat/Documents/Robot-Dining-Hall-Personalized-Plan/ros2_ws/install/meal-plan/share/ament_index/resource_index/packages/meal-plan
-- Installing: /u/nuzhat/Documents/Robot-Dining-Hall-Personalized-Plan/ros2_ws/install/meal-plan/share/meal-plan/cmake/meal-planConfig.cmake
-- Installing: /u/nuzhat/Documents/Robot-Dining-Hall-Personalized-Plan/ros2_ws/install/meal-plan/share/meal-plan/cmake/meal-planConfig-version.cmake
-- Installing: /u/nuzhat/Documents/Robot-Dining-Hall-Personalized-Plan/ros2_ws/install/meal-plan/share/meal-plan/package.xml
