[0.123s] Invoking command in '/u/nuzhat/Documents/Robot-Dining-Hall-Personalized-Plan/ros2_ws/build/meal-plan': CMAKE_PREFIX_PATH=${CMAKE_PREFIX_PATH}:/opt/ros/jazzy DEBUGINFOD_URLS=https://debuginfod.ubuntu.com /usr/bin/cmake /u/nuzhat/Documents/Robot-Dining-Hall-Personalized-Plan/ros2_ws/src/meal-plan -DCMAKE_INSTALL_PREFIX=/u/nuzhat/Documents/Robot-Dining-Hall-Personalized-Plan/ros2_ws/install/meal-plan
[0.261s] -- The C compiler identification is GNU 13.3.0
[0.366s] -- The CXX compiler identification is GNU 13.3.0
[0.395s] -- Detecting C compiler ABI info
[1.013s] -- Detecting C compiler ABI info - done
[1.022s] -- Check for working C compiler: /usr/bin/cc - skipped
[1.022s] -- Detecting C compile features
[1.023s] -- Detecting C compile features - done
[1.051s] -- Detecting CXX compiler ABI info
[1.479s] -- Detecting CXX compiler ABI info - done
[1.489s] -- Check for working CXX compiler: /usr/bin/c++ - skipped
[1.490s] -- Detecting CXX compile features
[1.490s] -- Detecting CXX compile features - done
[1.518s] -- Found ament_cmake: 2.5.5 (/opt/ros/jazzy/share/ament_cmake/cmake)
[1.637s] -- Found Python3: /usr/bin/python3 (found version "3.12.3") found components: Interpreter 
[1.877s] -- Found ament_lint_auto: 0.17.4 (/opt/ros/jazzy/share/ament_lint_auto/cmake)
[2.141s] -- Added test 'lint_cmake' to check CMake code style
[2.156s] -- Added test 'xmllint' to check XML markup files
[2.265s] -- Configuring done (2.2s)
[2.692s] -- Generating done (0.4s)
[2.884s] -- Build files have been written to: /u/nuzhat/Documents/Robot-Dining-Hall-Personalized-Plan/ros2_ws/build/meal-plan
[2.887s] Invoked command in '/u/nuzhat/Documents/Robot-Dining-Hall-Personalized-Plan/ros2_ws/build/meal-plan' returned '0': CMAKE_PREFIX_PATH=${CMAKE_PREFIX_PATH}:/opt/ros/jazzy DEBUGINFOD_URLS=https://debuginfod.ubuntu.com /usr/bin/cmake /u/nuzhat/Documents/Robot-Dining-Hall-Personalized-Plan/ros2_ws/src/meal-plan -DCMAKE_INSTALL_PREFIX=/u/nuzhat/Documents/Robot-Dining-Hall-Personalized-Plan/ros2_ws/install/meal-plan
[2.889s] Invoking command in '/u/nuzhat/Documents/Robot-Dining-Hall-Personalized-Plan/ros2_ws/build/meal-plan': CMAKE_PREFIX_PATH=${CMAKE_PREFIX_PATH}:/opt/ros/jazzy DEBUGINFOD_URLS=https://debuginfod.ubuntu.com /usr/bin/cmake --build /u/nuzhat/Documents/Robot-Dining-Hall-Personalized-Plan/ros2_ws/build/meal-plan -- -j16 -l16
[2.924s] Invoked command in '/u/nuzhat/Documents/Robot-Dining-Hall-Personalized-Plan/ros2_ws/build/meal-plan' returned '0': CMAKE_PREFIX_PATH=${CMAKE_PREFIX_PATH}:/opt/ros/jazzy DEBUGINFOD_URLS=https://debuginfod.ubuntu.com /usr/bin/cmake --build /u/nuzhat/Documents/Robot-Dining-Hall-Personalized-Plan/ros2_ws/build/meal-plan -- -j16 -l16
[2.934s] Invoking command in '/u/nuzhat/Documents/Robot-Dining-Hall-Personalized-Plan/ros2_ws/build/meal-plan': CMAKE_PREFIX_PATH=${CMAKE_PREFIX_PATH}:/opt/ros/jazzy DEBUGINFOD_URLS=https://debuginfod.ubuntu.com /usr/bin/cmake --install /u/nuzhat/Documents/Robot-Dining-Hall-Personalized-Plan/ros2_ws/build/meal-plan
[2.944s] -- Install configuration: ""
[2.952s] -- Installing: /u/nuzhat/Documents/Robot-Dining-Hall-Personalized-Plan/ros2_ws/install/meal-plan/share/ament_index/resource_index/package_run_dependencies/meal-plan
[2.975s] -- Installing: /u/nuzhat/Documents/Robot-Dining-Hall-Personalized-Plan/ros2_ws/install/meal-plan/share/ament_index/resource_index/parent_prefix_path/meal-plan
[2.997s] -- Installing: /u/nuzhat/Documents/Robot-Dining-Hall-Personalized-Plan/ros2_ws/install/meal-plan/share/meal-plan/environment/ament_prefix_path.sh
[3.018s] -- Installing: /u/nuzhat/Documents/Robot-Dining-Hall-Personalized-Plan/ros2_ws/install/meal-plan/share/meal-plan/environment/ament_prefix_path.dsv
[3.034s] -- Installing: /u/nuzhat/Documents/Robot-Dining-Hall-Personalized-Plan/ros2_ws/install/meal-plan/share/meal-plan/environment/path.sh
[3.050s] -- Installing: /u/nuzhat/Documents/Robot-Dining-Hall-Personalized-Plan/ros2_ws/install/meal-plan/share/meal-plan/environment/path.dsv
[3.069s] -- Installing: /u/nuzhat/Documents/Robot-Dining-Hall-Personalized-Plan/ros2_ws/install/meal-plan/share/meal-plan/local_setup.bash
[3.111s] -- Installing: /u/nuzhat/Documents/Robot-Dining-Hall-Personalized-Plan/ros2_ws/install/meal-plan/share/meal-plan/local_setup.sh
[3.129s] -- Installing: /u/nuzhat/Documents/Robot-Dining-Hall-Personalized-Plan/ros2_ws/install/meal-plan/share/meal-plan/local_setup.zsh
[3.174s] -- Installing: /u/nuzhat/Documents/Robot-Dining-Hall-Personalized-Plan/ros2_ws/install/meal-plan/share/meal-plan/local_setup.dsv
[3.192s] -- Installing: /u/nuzhat/Documents/Robot-Dining-Hall-Personalized-Plan/ros2_ws/install/meal-plan/share/meal-plan/package.dsv
[3.214s] -- Installing: /u/nuzhat/Documents/Robot-Dining-Hall-Personalized-Plan/ros2_ws/install/meal-plan/share/ament_index/resource_index/packages/meal-plan
[3.262s] -- Installing: /u/nuzhat/Documents/Robot-Dining-Hall-Personalized-Plan/ros2_ws/install/meal-plan/share/meal-plan/cmake/meal-planConfig.cmake
[3.279s] -- Installing: /u/nuzhat/Documents/Robot-Dining-Hall-Personalized-Plan/ros2_ws/install/meal-plan/share/meal-plan/cmake/meal-planConfig-version.cmake
[3.296s] -- Installing: /u/nuzhat/Documents/Robot-Dining-Hall-Personalized-Plan/ros2_ws/install/meal-plan/share/meal-plan/package.xml
[3.331s] Invoked command in '/u/nuzhat/Documents/Robot-Dining-Hall-Personalized-Plan/ros2_ws/build/meal-plan' returned '0': CMAKE_PREFIX_PATH=${CMAKE_PREFIX_PATH}:/opt/ros/jazzy DEBUGINFOD_URLS=https://debuginfod.ubuntu.com /usr/bin/cmake --install /u/nuzhat/Documents/Robot-Dining-Hall-Personalized-Plan/ros2_ws/build/meal-plan
